:: loading settings :: url = jar:file:/opt/bitnami/spark/jars/ivy-2.5.0.jar!/org/apache/ivy/core/settings/ivysettings.xml
Ivy Default Cache set to: /root/.ivy2/cache
The jars for the packages stored in: /root/.ivy2/jars
org.apache.spark#spark-sql-kafka-0-10_2.12 added as a dependency
:: resolving dependencies :: org.apache.spark#spark-submit-parent-6bb2d26b-b2ff-4fc2-a242-73852b14ca72;1.0
	confs: [default]
	found org.apache.spark#spark-sql-kafka-0-10_2.12;3.0.0 in central
	found org.apache.spark#spark-token-provider-kafka-0-10_2.12;3.0.0 in central
	found org.apache.kafka#kafka-clients;2.4.1 in central
	found com.github.luben#zstd-jni;1.4.4-3 in central
	found org.lz4#lz4-java;1.7.1 in central
	found org.xerial.snappy#snappy-java;1.1.7.5 in central
	found org.slf4j#slf4j-api;1.7.30 in central
	found org.spark-project.spark#unused;1.0.0 in central
	found org.apache.commons#commons-pool2;2.6.2 in central
:: resolution report :: resolve 380ms :: artifacts dl 10ms
	:: modules in use:
	com.github.luben#zstd-jni;1.4.4-3 from central in [default]
	org.apache.commons#commons-pool2;2.6.2 from central in [default]
	org.apache.kafka#kafka-clients;2.4.1 from central in [default]
	org.apache.spark#spark-sql-kafka-0-10_2.12;3.0.0 from central in [default]
	org.apache.spark#spark-token-provider-kafka-0-10_2.12;3.0.0 from central in [default]
	org.lz4#lz4-java;1.7.1 from central in [default]
	org.slf4j#slf4j-api;1.7.30 from central in [default]
	org.spark-project.spark#unused;1.0.0 from central in [default]
	org.xerial.snappy#snappy-java;1.1.7.5 from central in [default]
	---------------------------------------------------------------------
	|                  |            modules            ||   artifacts   |
	|       conf       | number| search|dwnlded|evicted|| number|dwnlded|
	---------------------------------------------------------------------
	|      default     |   9   |   0   |   0   |   0   ||   9   |   0   |
	---------------------------------------------------------------------
:: retrieving :: org.apache.spark#spark-submit-parent-6bb2d26b-b2ff-4fc2-a242-73852b14ca72
	confs: [default]
	0 artifacts copied, 9 already retrieved (0kB/9ms)
23/03/06 11:59:40 WARN NativeCodeLoader: Unable to load native-hadoop library for your platform... using builtin-java classes where applicable
Using Spark's default log4j profile: org/apache/spark/log4j-defaults.properties
23/03/06 11:59:40 INFO SparkContext: Running Spark version 3.2.1
23/03/06 11:59:40 INFO ResourceUtils: ==============================================================
23/03/06 11:59:40 INFO ResourceUtils: No custom resources configured for spark.driver.
23/03/06 11:59:40 INFO ResourceUtils: ==============================================================
23/03/06 11:59:40 INFO SparkContext: Submitted application: app1
23/03/06 11:59:40 INFO ResourceProfile: Default ResourceProfile created, executor resources: Map(cores -> name: cores, amount: 1, script: , vendor: , memory -> name: memory, amount: 1024, script: , vendor: , offHeap -> name: offHeap, amount: 0, script: , vendor: ), task resources: Map(cpus -> name: cpus, amount: 1.0)
23/03/06 11:59:40 INFO ResourceProfile: Limiting resource is cpu
23/03/06 11:59:40 INFO ResourceProfileManager: Added ResourceProfile id: 0
23/03/06 11:59:40 INFO SecurityManager: Changing view acls to: root
23/03/06 11:59:40 INFO SecurityManager: Changing modify acls to: root
23/03/06 11:59:40 INFO SecurityManager: Changing view acls groups to: 
23/03/06 11:59:40 INFO SecurityManager: Changing modify acls groups to: 
23/03/06 11:59:40 INFO SecurityManager: SecurityManager: authentication disabled; ui acls disabled; users  with view permissions: Set(root); groups with view permissions: Set(); users  with modify permissions: Set(root); groups with modify permissions: Set()
23/03/06 11:59:41 INFO Utils: Successfully started service 'sparkDriver' on port 35229.
23/03/06 11:59:41 INFO SparkEnv: Registering MapOutputTracker
23/03/06 11:59:41 INFO SparkEnv: Registering BlockManagerMaster
23/03/06 11:59:41 INFO BlockManagerMasterEndpoint: Using org.apache.spark.storage.DefaultTopologyMapper for getting topology information
23/03/06 11:59:41 INFO BlockManagerMasterEndpoint: BlockManagerMasterEndpoint up
23/03/06 11:59:41 INFO SparkEnv: Registering BlockManagerMasterHeartbeat
23/03/06 11:59:41 INFO DiskBlockManager: Created local directory at /tmp/blockmgr-0edccef8-7035-4157-b021-82cfcbe1d7f7
23/03/06 11:59:41 INFO MemoryStore: MemoryStore started with capacity 366.3 MiB
23/03/06 11:59:41 INFO SparkEnv: Registering OutputCommitCoordinator
23/03/06 11:59:41 INFO Utils: Successfully started service 'SparkUI' on port 4040.
23/03/06 11:59:41 INFO SparkUI: Bound SparkUI to 0.0.0.0, and started at http://e432b5821b99:4040
23/03/06 11:59:41 INFO SparkContext: Added JAR file:///root/.ivy2/jars/org.apache.spark_spark-sql-kafka-0-10_2.12-3.0.0.jar at spark://e432b5821b99:35229/jars/org.apache.spark_spark-sql-kafka-0-10_2.12-3.0.0.jar with timestamp 1678103980774
23/03/06 11:59:41 INFO SparkContext: Added JAR file:///root/.ivy2/jars/org.apache.spark_spark-token-provider-kafka-0-10_2.12-3.0.0.jar at spark://e432b5821b99:35229/jars/org.apache.spark_spark-token-provider-kafka-0-10_2.12-3.0.0.jar with timestamp 1678103980774
23/03/06 11:59:41 INFO SparkContext: Added JAR file:///root/.ivy2/jars/org.apache.kafka_kafka-clients-2.4.1.jar at spark://e432b5821b99:35229/jars/org.apache.kafka_kafka-clients-2.4.1.jar with timestamp 1678103980774
23/03/06 11:59:41 INFO SparkContext: Added JAR file:///root/.ivy2/jars/org.apache.commons_commons-pool2-2.6.2.jar at spark://e432b5821b99:35229/jars/org.apache.commons_commons-pool2-2.6.2.jar with timestamp 1678103980774
23/03/06 11:59:41 INFO SparkContext: Added JAR file:///root/.ivy2/jars/org.spark-project.spark_unused-1.0.0.jar at spark://e432b5821b99:35229/jars/org.spark-project.spark_unused-1.0.0.jar with timestamp 1678103980774
23/03/06 11:59:41 INFO SparkContext: Added JAR file:///root/.ivy2/jars/com.github.luben_zstd-jni-1.4.4-3.jar at spark://e432b5821b99:35229/jars/com.github.luben_zstd-jni-1.4.4-3.jar with timestamp 1678103980774
23/03/06 11:59:41 INFO SparkContext: Added JAR file:///root/.ivy2/jars/org.lz4_lz4-java-1.7.1.jar at spark://e432b5821b99:35229/jars/org.lz4_lz4-java-1.7.1.jar with timestamp 1678103980774
23/03/06 11:59:41 INFO SparkContext: Added JAR file:///root/.ivy2/jars/org.xerial.snappy_snappy-java-1.1.7.5.jar at spark://e432b5821b99:35229/jars/org.xerial.snappy_snappy-java-1.1.7.5.jar with timestamp 1678103980774
23/03/06 11:59:41 INFO SparkContext: Added JAR file:///root/.ivy2/jars/org.slf4j_slf4j-api-1.7.30.jar at spark://e432b5821b99:35229/jars/org.slf4j_slf4j-api-1.7.30.jar with timestamp 1678103980774
23/03/06 11:59:41 INFO SparkContext: Added file file:///root/.ivy2/jars/org.apache.spark_spark-sql-kafka-0-10_2.12-3.0.0.jar at file:///root/.ivy2/jars/org.apache.spark_spark-sql-kafka-0-10_2.12-3.0.0.jar with timestamp 1678103980774
23/03/06 11:59:41 INFO Utils: Copying /root/.ivy2/jars/org.apache.spark_spark-sql-kafka-0-10_2.12-3.0.0.jar to /tmp/spark-0b6ae1e3-38c5-4da7-990a-1987085fc935/userFiles-11e60ef8-4c8a-4672-8254-d33e4510e0da/org.apache.spark_spark-sql-kafka-0-10_2.12-3.0.0.jar
23/03/06 11:59:41 INFO SparkContext: Added file file:///root/.ivy2/jars/org.apache.spark_spark-token-provider-kafka-0-10_2.12-3.0.0.jar at file:///root/.ivy2/jars/org.apache.spark_spark-token-provider-kafka-0-10_2.12-3.0.0.jar with timestamp 1678103980774
23/03/06 11:59:41 INFO Utils: Copying /root/.ivy2/jars/org.apache.spark_spark-token-provider-kafka-0-10_2.12-3.0.0.jar to /tmp/spark-0b6ae1e3-38c5-4da7-990a-1987085fc935/userFiles-11e60ef8-4c8a-4672-8254-d33e4510e0da/org.apache.spark_spark-token-provider-kafka-0-10_2.12-3.0.0.jar
23/03/06 11:59:41 INFO SparkContext: Added file file:///root/.ivy2/jars/org.apache.kafka_kafka-clients-2.4.1.jar at file:///root/.ivy2/jars/org.apache.kafka_kafka-clients-2.4.1.jar with timestamp 1678103980774
23/03/06 11:59:41 INFO Utils: Copying /root/.ivy2/jars/org.apache.kafka_kafka-clients-2.4.1.jar to /tmp/spark-0b6ae1e3-38c5-4da7-990a-1987085fc935/userFiles-11e60ef8-4c8a-4672-8254-d33e4510e0da/org.apache.kafka_kafka-clients-2.4.1.jar
23/03/06 11:59:41 INFO SparkContext: Added file file:///root/.ivy2/jars/org.apache.commons_commons-pool2-2.6.2.jar at file:///root/.ivy2/jars/org.apache.commons_commons-pool2-2.6.2.jar with timestamp 1678103980774
23/03/06 11:59:41 INFO Utils: Copying /root/.ivy2/jars/org.apache.commons_commons-pool2-2.6.2.jar to /tmp/spark-0b6ae1e3-38c5-4da7-990a-1987085fc935/userFiles-11e60ef8-4c8a-4672-8254-d33e4510e0da/org.apache.commons_commons-pool2-2.6.2.jar
23/03/06 11:59:41 INFO SparkContext: Added file file:///root/.ivy2/jars/org.spark-project.spark_unused-1.0.0.jar at file:///root/.ivy2/jars/org.spark-project.spark_unused-1.0.0.jar with timestamp 1678103980774
23/03/06 11:59:41 INFO Utils: Copying /root/.ivy2/jars/org.spark-project.spark_unused-1.0.0.jar to /tmp/spark-0b6ae1e3-38c5-4da7-990a-1987085fc935/userFiles-11e60ef8-4c8a-4672-8254-d33e4510e0da/org.spark-project.spark_unused-1.0.0.jar
23/03/06 11:59:41 INFO SparkContext: Added file file:///root/.ivy2/jars/com.github.luben_zstd-jni-1.4.4-3.jar at file:///root/.ivy2/jars/com.github.luben_zstd-jni-1.4.4-3.jar with timestamp 1678103980774
23/03/06 11:59:41 INFO Utils: Copying /root/.ivy2/jars/com.github.luben_zstd-jni-1.4.4-3.jar to /tmp/spark-0b6ae1e3-38c5-4da7-990a-1987085fc935/userFiles-11e60ef8-4c8a-4672-8254-d33e4510e0da/com.github.luben_zstd-jni-1.4.4-3.jar
23/03/06 11:59:41 INFO SparkContext: Added file file:///root/.ivy2/jars/org.lz4_lz4-java-1.7.1.jar at file:///root/.ivy2/jars/org.lz4_lz4-java-1.7.1.jar with timestamp 1678103980774
23/03/06 11:59:41 INFO Utils: Copying /root/.ivy2/jars/org.lz4_lz4-java-1.7.1.jar to /tmp/spark-0b6ae1e3-38c5-4da7-990a-1987085fc935/userFiles-11e60ef8-4c8a-4672-8254-d33e4510e0da/org.lz4_lz4-java-1.7.1.jar
23/03/06 11:59:41 INFO SparkContext: Added file file:///root/.ivy2/jars/org.xerial.snappy_snappy-java-1.1.7.5.jar at file:///root/.ivy2/jars/org.xerial.snappy_snappy-java-1.1.7.5.jar with timestamp 1678103980774
23/03/06 11:59:41 INFO Utils: Copying /root/.ivy2/jars/org.xerial.snappy_snappy-java-1.1.7.5.jar to /tmp/spark-0b6ae1e3-38c5-4da7-990a-1987085fc935/userFiles-11e60ef8-4c8a-4672-8254-d33e4510e0da/org.xerial.snappy_snappy-java-1.1.7.5.jar
23/03/06 11:59:41 INFO SparkContext: Added file file:///root/.ivy2/jars/org.slf4j_slf4j-api-1.7.30.jar at file:///root/.ivy2/jars/org.slf4j_slf4j-api-1.7.30.jar with timestamp 1678103980774
23/03/06 11:59:41 INFO Utils: Copying /root/.ivy2/jars/org.slf4j_slf4j-api-1.7.30.jar to /tmp/spark-0b6ae1e3-38c5-4da7-990a-1987085fc935/userFiles-11e60ef8-4c8a-4672-8254-d33e4510e0da/org.slf4j_slf4j-api-1.7.30.jar
23/03/06 11:59:41 INFO Executor: Starting executor ID driver on host e432b5821b99
23/03/06 11:59:41 INFO Executor: Fetching file:///root/.ivy2/jars/org.apache.commons_commons-pool2-2.6.2.jar with timestamp 1678103980774
23/03/06 11:59:41 INFO Utils: /root/.ivy2/jars/org.apache.commons_commons-pool2-2.6.2.jar has been previously copied to /tmp/spark-0b6ae1e3-38c5-4da7-990a-1987085fc935/userFiles-11e60ef8-4c8a-4672-8254-d33e4510e0da/org.apache.commons_commons-pool2-2.6.2.jar
23/03/06 11:59:41 INFO Executor: Fetching file:///root/.ivy2/jars/org.apache.kafka_kafka-clients-2.4.1.jar with timestamp 1678103980774
23/03/06 11:59:41 INFO Utils: /root/.ivy2/jars/org.apache.kafka_kafka-clients-2.4.1.jar has been previously copied to /tmp/spark-0b6ae1e3-38c5-4da7-990a-1987085fc935/userFiles-11e60ef8-4c8a-4672-8254-d33e4510e0da/org.apache.kafka_kafka-clients-2.4.1.jar
23/03/06 11:59:41 INFO Executor: Fetching file:///root/.ivy2/jars/org.lz4_lz4-java-1.7.1.jar with timestamp 1678103980774
23/03/06 11:59:41 INFO Utils: /root/.ivy2/jars/org.lz4_lz4-java-1.7.1.jar has been previously copied to /tmp/spark-0b6ae1e3-38c5-4da7-990a-1987085fc935/userFiles-11e60ef8-4c8a-4672-8254-d33e4510e0da/org.lz4_lz4-java-1.7.1.jar
23/03/06 11:59:41 INFO Executor: Fetching file:///root/.ivy2/jars/com.github.luben_zstd-jni-1.4.4-3.jar with timestamp 1678103980774
23/03/06 11:59:41 INFO Utils: /root/.ivy2/jars/com.github.luben_zstd-jni-1.4.4-3.jar has been previously copied to /tmp/spark-0b6ae1e3-38c5-4da7-990a-1987085fc935/userFiles-11e60ef8-4c8a-4672-8254-d33e4510e0da/com.github.luben_zstd-jni-1.4.4-3.jar
23/03/06 11:59:41 INFO Executor: Fetching file:///root/.ivy2/jars/org.xerial.snappy_snappy-java-1.1.7.5.jar with timestamp 1678103980774
23/03/06 11:59:41 INFO Utils: /root/.ivy2/jars/org.xerial.snappy_snappy-java-1.1.7.5.jar has been previously copied to /tmp/spark-0b6ae1e3-38c5-4da7-990a-1987085fc935/userFiles-11e60ef8-4c8a-4672-8254-d33e4510e0da/org.xerial.snappy_snappy-java-1.1.7.5.jar
23/03/06 11:59:41 INFO Executor: Fetching file:///root/.ivy2/jars/org.spark-project.spark_unused-1.0.0.jar with timestamp 1678103980774
23/03/06 11:59:41 INFO Utils: /root/.ivy2/jars/org.spark-project.spark_unused-1.0.0.jar has been previously copied to /tmp/spark-0b6ae1e3-38c5-4da7-990a-1987085fc935/userFiles-11e60ef8-4c8a-4672-8254-d33e4510e0da/org.spark-project.spark_unused-1.0.0.jar
23/03/06 11:59:41 INFO Executor: Fetching file:///root/.ivy2/jars/org.apache.spark_spark-token-provider-kafka-0-10_2.12-3.0.0.jar with timestamp 1678103980774
23/03/06 11:59:41 INFO Utils: /root/.ivy2/jars/org.apache.spark_spark-token-provider-kafka-0-10_2.12-3.0.0.jar has been previously copied to /tmp/spark-0b6ae1e3-38c5-4da7-990a-1987085fc935/userFiles-11e60ef8-4c8a-4672-8254-d33e4510e0da/org.apache.spark_spark-token-provider-kafka-0-10_2.12-3.0.0.jar
23/03/06 11:59:41 INFO Executor: Fetching file:///root/.ivy2/jars/org.apache.spark_spark-sql-kafka-0-10_2.12-3.0.0.jar with timestamp 1678103980774
23/03/06 11:59:41 INFO Utils: /root/.ivy2/jars/org.apache.spark_spark-sql-kafka-0-10_2.12-3.0.0.jar has been previously copied to /tmp/spark-0b6ae1e3-38c5-4da7-990a-1987085fc935/userFiles-11e60ef8-4c8a-4672-8254-d33e4510e0da/org.apache.spark_spark-sql-kafka-0-10_2.12-3.0.0.jar
23/03/06 11:59:41 INFO Executor: Fetching file:///root/.ivy2/jars/org.slf4j_slf4j-api-1.7.30.jar with timestamp 1678103980774
23/03/06 11:59:41 INFO Utils: /root/.ivy2/jars/org.slf4j_slf4j-api-1.7.30.jar has been previously copied to /tmp/spark-0b6ae1e3-38c5-4da7-990a-1987085fc935/userFiles-11e60ef8-4c8a-4672-8254-d33e4510e0da/org.slf4j_slf4j-api-1.7.30.jar
23/03/06 11:59:41 INFO Executor: Fetching spark://e432b5821b99:35229/jars/org.xerial.snappy_snappy-java-1.1.7.5.jar with timestamp 1678103980774
23/03/06 11:59:41 INFO TransportClientFactory: Successfully created connection to e432b5821b99/172.22.0.4:35229 after 24 ms (0 ms spent in bootstraps)
23/03/06 11:59:41 INFO Utils: Fetching spark://e432b5821b99:35229/jars/org.xerial.snappy_snappy-java-1.1.7.5.jar to /tmp/spark-0b6ae1e3-38c5-4da7-990a-1987085fc935/userFiles-11e60ef8-4c8a-4672-8254-d33e4510e0da/fetchFileTemp5839877399333665901.tmp
23/03/06 11:59:41 INFO Utils: /tmp/spark-0b6ae1e3-38c5-4da7-990a-1987085fc935/userFiles-11e60ef8-4c8a-4672-8254-d33e4510e0da/fetchFileTemp5839877399333665901.tmp has been previously copied to /tmp/spark-0b6ae1e3-38c5-4da7-990a-1987085fc935/userFiles-11e60ef8-4c8a-4672-8254-d33e4510e0da/org.xerial.snappy_snappy-java-1.1.7.5.jar
23/03/06 11:59:41 INFO Executor: Adding file:/tmp/spark-0b6ae1e3-38c5-4da7-990a-1987085fc935/userFiles-11e60ef8-4c8a-4672-8254-d33e4510e0da/org.xerial.snappy_snappy-java-1.1.7.5.jar to class loader
23/03/06 11:59:41 INFO Executor: Fetching spark://e432b5821b99:35229/jars/org.apache.spark_spark-token-provider-kafka-0-10_2.12-3.0.0.jar with timestamp 1678103980774
23/03/06 11:59:41 INFO Utils: Fetching spark://e432b5821b99:35229/jars/org.apache.spark_spark-token-provider-kafka-0-10_2.12-3.0.0.jar to /tmp/spark-0b6ae1e3-38c5-4da7-990a-1987085fc935/userFiles-11e60ef8-4c8a-4672-8254-d33e4510e0da/fetchFileTemp3149951748940545769.tmp
23/03/06 11:59:41 INFO Utils: /tmp/spark-0b6ae1e3-38c5-4da7-990a-1987085fc935/userFiles-11e60ef8-4c8a-4672-8254-d33e4510e0da/fetchFileTemp3149951748940545769.tmp has been previously copied to /tmp/spark-0b6ae1e3-38c5-4da7-990a-1987085fc935/userFiles-11e60ef8-4c8a-4672-8254-d33e4510e0da/org.apache.spark_spark-token-provider-kafka-0-10_2.12-3.0.0.jar
23/03/06 11:59:41 INFO Executor: Adding file:/tmp/spark-0b6ae1e3-38c5-4da7-990a-1987085fc935/userFiles-11e60ef8-4c8a-4672-8254-d33e4510e0da/org.apache.spark_spark-token-provider-kafka-0-10_2.12-3.0.0.jar to class loader
23/03/06 11:59:41 INFO Executor: Fetching spark://e432b5821b99:35229/jars/org.apache.spark_spark-sql-kafka-0-10_2.12-3.0.0.jar with timestamp 1678103980774
23/03/06 11:59:41 INFO Utils: Fetching spark://e432b5821b99:35229/jars/org.apache.spark_spark-sql-kafka-0-10_2.12-3.0.0.jar to /tmp/spark-0b6ae1e3-38c5-4da7-990a-1987085fc935/userFiles-11e60ef8-4c8a-4672-8254-d33e4510e0da/fetchFileTemp3418506743338467390.tmp
23/03/06 11:59:42 INFO Utils: /tmp/spark-0b6ae1e3-38c5-4da7-990a-1987085fc935/userFiles-11e60ef8-4c8a-4672-8254-d33e4510e0da/fetchFileTemp3418506743338467390.tmp has been previously copied to /tmp/spark-0b6ae1e3-38c5-4da7-990a-1987085fc935/userFiles-11e60ef8-4c8a-4672-8254-d33e4510e0da/org.apache.spark_spark-sql-kafka-0-10_2.12-3.0.0.jar
23/03/06 11:59:42 INFO Executor: Adding file:/tmp/spark-0b6ae1e3-38c5-4da7-990a-1987085fc935/userFiles-11e60ef8-4c8a-4672-8254-d33e4510e0da/org.apache.spark_spark-sql-kafka-0-10_2.12-3.0.0.jar to class loader
23/03/06 11:59:42 INFO Executor: Fetching spark://e432b5821b99:35229/jars/org.spark-project.spark_unused-1.0.0.jar with timestamp 1678103980774
23/03/06 11:59:42 INFO Utils: Fetching spark://e432b5821b99:35229/jars/org.spark-project.spark_unused-1.0.0.jar to /tmp/spark-0b6ae1e3-38c5-4da7-990a-1987085fc935/userFiles-11e60ef8-4c8a-4672-8254-d33e4510e0da/fetchFileTemp5918132308907013361.tmp
23/03/06 11:59:42 INFO Utils: /tmp/spark-0b6ae1e3-38c5-4da7-990a-1987085fc935/userFiles-11e60ef8-4c8a-4672-8254-d33e4510e0da/fetchFileTemp5918132308907013361.tmp has been previously copied to /tmp/spark-0b6ae1e3-38c5-4da7-990a-1987085fc935/userFiles-11e60ef8-4c8a-4672-8254-d33e4510e0da/org.spark-project.spark_unused-1.0.0.jar
23/03/06 11:59:42 INFO Executor: Adding file:/tmp/spark-0b6ae1e3-38c5-4da7-990a-1987085fc935/userFiles-11e60ef8-4c8a-4672-8254-d33e4510e0da/org.spark-project.spark_unused-1.0.0.jar to class loader
23/03/06 11:59:42 INFO Executor: Fetching spark://e432b5821b99:35229/jars/org.apache.commons_commons-pool2-2.6.2.jar with timestamp 1678103980774
23/03/06 11:59:42 INFO Utils: Fetching spark://e432b5821b99:35229/jars/org.apache.commons_commons-pool2-2.6.2.jar to /tmp/spark-0b6ae1e3-38c5-4da7-990a-1987085fc935/userFiles-11e60ef8-4c8a-4672-8254-d33e4510e0da/fetchFileTemp6373559623506577404.tmp
23/03/06 11:59:42 INFO Utils: /tmp/spark-0b6ae1e3-38c5-4da7-990a-1987085fc935/userFiles-11e60ef8-4c8a-4672-8254-d33e4510e0da/fetchFileTemp6373559623506577404.tmp has been previously copied to /tmp/spark-0b6ae1e3-38c5-4da7-990a-1987085fc935/userFiles-11e60ef8-4c8a-4672-8254-d33e4510e0da/org.apache.commons_commons-pool2-2.6.2.jar
23/03/06 11:59:42 INFO Executor: Adding file:/tmp/spark-0b6ae1e3-38c5-4da7-990a-1987085fc935/userFiles-11e60ef8-4c8a-4672-8254-d33e4510e0da/org.apache.commons_commons-pool2-2.6.2.jar to class loader
23/03/06 11:59:42 INFO Executor: Fetching spark://e432b5821b99:35229/jars/org.lz4_lz4-java-1.7.1.jar with timestamp 1678103980774
23/03/06 11:59:42 INFO Utils: Fetching spark://e432b5821b99:35229/jars/org.lz4_lz4-java-1.7.1.jar to /tmp/spark-0b6ae1e3-38c5-4da7-990a-1987085fc935/userFiles-11e60ef8-4c8a-4672-8254-d33e4510e0da/fetchFileTemp5945439764509224300.tmp
23/03/06 11:59:42 INFO Utils: /tmp/spark-0b6ae1e3-38c5-4da7-990a-1987085fc935/userFiles-11e60ef8-4c8a-4672-8254-d33e4510e0da/fetchFileTemp5945439764509224300.tmp has been previously copied to /tmp/spark-0b6ae1e3-38c5-4da7-990a-1987085fc935/userFiles-11e60ef8-4c8a-4672-8254-d33e4510e0da/org.lz4_lz4-java-1.7.1.jar
23/03/06 11:59:42 INFO Executor: Adding file:/tmp/spark-0b6ae1e3-38c5-4da7-990a-1987085fc935/userFiles-11e60ef8-4c8a-4672-8254-d33e4510e0da/org.lz4_lz4-java-1.7.1.jar to class loader
23/03/06 11:59:42 INFO Executor: Fetching spark://e432b5821b99:35229/jars/com.github.luben_zstd-jni-1.4.4-3.jar with timestamp 1678103980774
23/03/06 11:59:42 INFO Utils: Fetching spark://e432b5821b99:35229/jars/com.github.luben_zstd-jni-1.4.4-3.jar to /tmp/spark-0b6ae1e3-38c5-4da7-990a-1987085fc935/userFiles-11e60ef8-4c8a-4672-8254-d33e4510e0da/fetchFileTemp3613701890317020166.tmp
23/03/06 11:59:42 INFO Utils: /tmp/spark-0b6ae1e3-38c5-4da7-990a-1987085fc935/userFiles-11e60ef8-4c8a-4672-8254-d33e4510e0da/fetchFileTemp3613701890317020166.tmp has been previously copied to /tmp/spark-0b6ae1e3-38c5-4da7-990a-1987085fc935/userFiles-11e60ef8-4c8a-4672-8254-d33e4510e0da/com.github.luben_zstd-jni-1.4.4-3.jar
23/03/06 11:59:42 INFO Executor: Adding file:/tmp/spark-0b6ae1e3-38c5-4da7-990a-1987085fc935/userFiles-11e60ef8-4c8a-4672-8254-d33e4510e0da/com.github.luben_zstd-jni-1.4.4-3.jar to class loader
23/03/06 11:59:42 INFO Executor: Fetching spark://e432b5821b99:35229/jars/org.slf4j_slf4j-api-1.7.30.jar with timestamp 1678103980774
23/03/06 11:59:42 INFO Utils: Fetching spark://e432b5821b99:35229/jars/org.slf4j_slf4j-api-1.7.30.jar to /tmp/spark-0b6ae1e3-38c5-4da7-990a-1987085fc935/userFiles-11e60ef8-4c8a-4672-8254-d33e4510e0da/fetchFileTemp5353576711669779177.tmp
23/03/06 11:59:42 INFO Utils: /tmp/spark-0b6ae1e3-38c5-4da7-990a-1987085fc935/userFiles-11e60ef8-4c8a-4672-8254-d33e4510e0da/fetchFileTemp5353576711669779177.tmp has been previously copied to /tmp/spark-0b6ae1e3-38c5-4da7-990a-1987085fc935/userFiles-11e60ef8-4c8a-4672-8254-d33e4510e0da/org.slf4j_slf4j-api-1.7.30.jar
23/03/06 11:59:42 INFO Executor: Adding file:/tmp/spark-0b6ae1e3-38c5-4da7-990a-1987085fc935/userFiles-11e60ef8-4c8a-4672-8254-d33e4510e0da/org.slf4j_slf4j-api-1.7.30.jar to class loader
23/03/06 11:59:42 INFO Executor: Fetching spark://e432b5821b99:35229/jars/org.apache.kafka_kafka-clients-2.4.1.jar with timestamp 1678103980774
23/03/06 11:59:42 INFO Utils: Fetching spark://e432b5821b99:35229/jars/org.apache.kafka_kafka-clients-2.4.1.jar to /tmp/spark-0b6ae1e3-38c5-4da7-990a-1987085fc935/userFiles-11e60ef8-4c8a-4672-8254-d33e4510e0da/fetchFileTemp2293287916980572079.tmp
23/03/06 11:59:42 INFO Utils: /tmp/spark-0b6ae1e3-38c5-4da7-990a-1987085fc935/userFiles-11e60ef8-4c8a-4672-8254-d33e4510e0da/fetchFileTemp2293287916980572079.tmp has been previously copied to /tmp/spark-0b6ae1e3-38c5-4da7-990a-1987085fc935/userFiles-11e60ef8-4c8a-4672-8254-d33e4510e0da/org.apache.kafka_kafka-clients-2.4.1.jar
23/03/06 11:59:42 INFO Executor: Adding file:/tmp/spark-0b6ae1e3-38c5-4da7-990a-1987085fc935/userFiles-11e60ef8-4c8a-4672-8254-d33e4510e0da/org.apache.kafka_kafka-clients-2.4.1.jar to class loader
23/03/06 11:59:42 INFO Utils: Successfully started service 'org.apache.spark.network.netty.NettyBlockTransferService' on port 33915.
23/03/06 11:59:42 INFO NettyBlockTransferService: Server created on e432b5821b99:33915
23/03/06 11:59:42 INFO BlockManager: Using org.apache.spark.storage.RandomBlockReplicationPolicy for block replication policy
23/03/06 11:59:42 INFO BlockManagerMaster: Registering BlockManager BlockManagerId(driver, e432b5821b99, 33915, None)
23/03/06 11:59:42 INFO BlockManagerMasterEndpoint: Registering block manager e432b5821b99:33915 with 366.3 MiB RAM, BlockManagerId(driver, e432b5821b99, 33915, None)
23/03/06 11:59:42 INFO BlockManagerMaster: Registered BlockManager BlockManagerId(driver, e432b5821b99, 33915, None)
23/03/06 11:59:42 INFO BlockManager: Initialized BlockManager: BlockManagerId(driver, e432b5821b99, 33915, None)
23/03/06 11:59:42 INFO SharedState: Setting hive.metastore.warehouse.dir ('null') to the value of spark.sql.warehouse.dir.
23/03/06 11:59:42 INFO SharedState: Warehouse path is 'file:/opt/bitnami/spark/spark-warehouse'.
23/03/06 11:59:45 WARN ResolveWriteToStream: Temporary checkpoint location created which is deleted normally when the query didn't fail: /tmp/temporary-8958c413-1004-4155-80d8-e1808cabe0bc. If it's required to delete it under any circumstances, please set spark.sql.streaming.forceDeleteTempCheckpointLocation to true. Important to know deleting temp checkpoint folder is best effort.
23/03/06 11:59:45 WARN ResolveWriteToStream: spark.sql.adaptive.enabled is not supported in streaming DataFrames/Datasets and will be disabled.
-------------------------------------------
Batch: 0
-------------------------------------------
+--------------------+---------+
|               email|birthYear|
+--------------------+---------+
|Travis.Aristotle@...|     1965|
|Chris.Sanchez@tes...|     1964|
|  Lyn.Doshi@test.com|     1963|
|Senthil.Abram@tes...|     1962|
| Eric.Abram@test.com|     1961|
|Ben.Anderson@test...|     1960|
|Santosh.Olson@tes...|     1959|
|Christina.Abram@t...|     1958|
|David.Staples@tes...|     1957|
|Jacob.Fibonnaci@t...|     1956|
|Craig.Jefferson@t...|     1955|
|Angie.Davis@test.com|     1954|
|Ashley.Staples@te...|     1953|
|Lyn.Gonzalez@test...|     1952|
|Santosh.Khatib@te...|     1951|
|Jason.Clayton@tes...|     1950|
|Travis.Jackson@te...|     1949|
| Eric.Davis@test.com|     1948|
|Chris.Davis@test.com|     1947|
|David.Davis@test.com|     1946|
+--------------------+---------+
only showing top 20 rows

-------------------------------------------
Batch: 1
-------------------------------------------
+-----+---------+
|email|birthYear|
+-----+---------+
+-----+---------+

-------------------------------------------
Batch: 2
-------------------------------------------
+-----+---------+
|email|birthYear|
+-----+---------+
+-----+---------+

-------------------------------------------
Batch: 3
-------------------------------------------
+-----+---------+
|email|birthYear|
+-----+---------+
+-----+---------+

-------------------------------------------
Batch: 4
-------------------------------------------
+-----+---------+
|email|birthYear|
+-----+---------+
+-----+---------+


