[38;5;6m [38;5;5m09:26:39.32 [0m
[38;5;6m [38;5;5m09:26:39.32 [0m[1mWelcome to the Bitnami spark container[0m
[38;5;6m [38;5;5m09:26:39.33 [0mSubscribe to project updates by watching [1mhttps://github.com/bitnami/bitnami-docker-spark[0m
[38;5;6m [38;5;5m09:26:39.33 [0mSubmit issues and feature requests at [1mhttps://github.com/bitnami/bitnami-docker-spark/issues[0m
[38;5;6m [38;5;5m09:26:39.33 [0m
[38;5;6m [38;5;5m09:26:39.33 [0m[38;5;2mINFO [0m ==> ** Starting Spark setup **
realpath: /bitnami/spark/conf: No such file or directory
[38;5;6m [38;5;5m09:26:39.35 [0m[38;5;2mINFO [0m ==> Generating Spark configuration file...
[38;5;6m [38;5;5m09:26:39.36 [0m[38;5;2mINFO [0m ==> ** Spark setup finished! **

[38;5;6m [38;5;5m09:26:39.38 [0m[38;5;2mINFO [0m ==> ** Starting Spark in master mode **
starting org.apache.spark.deploy.master.Master, logging to /opt/bitnami/spark/logs/spark--org.apache.spark.deploy.master.Master-1-7b35364ea252.out
Spark Command: /opt/bitnami/java/bin/java -cp /opt/bitnami/spark/conf/:/opt/bitnami/spark/jars/* -Xmx1g org.apache.spark.deploy.master.Master --host 7b35364ea252 --port 7077 --webui-port 8080
========================================
Using Spark's default log4j profile: org/apache/spark/log4j-defaults.properties
23/03/06 09:26:40 INFO Master: Started daemon with process name: 40@7b35364ea252
23/03/06 09:26:40 INFO SignalUtils: Registering signal handler for TERM
23/03/06 09:26:40 INFO SignalUtils: Registering signal handler for HUP
23/03/06 09:26:40 INFO SignalUtils: Registering signal handler for INT
23/03/06 09:26:41 WARN NativeCodeLoader: Unable to load native-hadoop library for your platform... using builtin-java classes where applicable
23/03/06 09:26:41 INFO SecurityManager: Changing view acls to: spark
23/03/06 09:26:41 INFO SecurityManager: Changing modify acls to: spark
23/03/06 09:26:41 INFO SecurityManager: Changing view acls groups to: 
23/03/06 09:26:41 INFO SecurityManager: Changing modify acls groups to: 
23/03/06 09:26:41 INFO SecurityManager: SecurityManager: authentication disabled; ui acls disabled; users  with view permissions: Set(spark); groups with view permissions: Set(); users  with modify permissions: Set(spark); groups with modify permissions: Set()
23/03/06 09:26:41 INFO Utils: Successfully started service 'sparkMaster' on port 7077.
23/03/06 09:26:41 INFO Master: Starting Spark master at spark://7b35364ea252:7077
23/03/06 09:26:41 INFO Master: Running Spark version 3.2.1
23/03/06 09:26:41 INFO Utils: Successfully started service 'MasterUI' on port 8080.
23/03/06 09:26:42 INFO MasterWebUI: Bound MasterWebUI to 0.0.0.0, and started at http://7b35364ea252:8080
23/03/06 09:26:42 INFO Master: I have been elected leader! New state: ALIVE
23/03/06 09:26:42 INFO Master: Registering worker 172.20.0.3:38175 with 1 cores, 1024.0 MiB RAM
