[38;5;6m [38;5;5m09:26:39.28 [0m
[38;5;6m [38;5;5m09:26:39.29 [0m[1mWelcome to the Bitnami spark container[0m
[38;5;6m [38;5;5m09:26:39.29 [0mSubscribe to project updates by watching [1mhttps://github.com/bitnami/bitnami-docker-spark[0m
[38;5;6m [38;5;5m09:26:39.29 [0mSubmit issues and feature requests at [1mhttps://github.com/bitnami/bitnami-docker-spark/issues[0m
[38;5;6m [38;5;5m09:26:39.29 [0m
[38;5;6m [38;5;5m09:26:39.30 [0m[38;5;2mINFO [0m ==> ** Starting Spark setup **
realpath: /bitnami/spark/conf: No such file or directory
[38;5;6m [38;5;5m09:26:39.32 [0m[38;5;2mINFO [0m ==> Generating Spark configuration file...
[38;5;6m [38;5;5m09:26:39.32 [0m[38;5;2mINFO [0m ==> ** Spark setup finished! **

[38;5;6m [38;5;5m09:26:39.34 [0m[38;5;2mINFO [0m ==> ** Starting Spark in worker mode **
starting org.apache.spark.deploy.worker.Worker, logging to /opt/bitnami/spark/logs/spark--org.apache.spark.deploy.worker.Worker-1-7c0381ebfa88.out
Spark Command: /opt/bitnami/java/bin/java -cp /opt/bitnami/spark/conf/:/opt/bitnami/spark/jars/* -Xmx1g org.apache.spark.deploy.worker.Worker --webui-port 8081 spark://spark:7077
========================================
Using Spark's default log4j profile: org/apache/spark/log4j-defaults.properties
23/03/06 09:26:40 INFO Worker: Started daemon with process name: 38@7c0381ebfa88
23/03/06 09:26:40 INFO SignalUtils: Registering signal handler for TERM
23/03/06 09:26:40 INFO SignalUtils: Registering signal handler for HUP
23/03/06 09:26:40 INFO SignalUtils: Registering signal handler for INT
23/03/06 09:26:40 WARN NativeCodeLoader: Unable to load native-hadoop library for your platform... using builtin-java classes where applicable
23/03/06 09:26:41 INFO SecurityManager: Changing view acls to: spark
23/03/06 09:26:41 INFO SecurityManager: Changing modify acls to: spark
23/03/06 09:26:41 INFO SecurityManager: Changing view acls groups to: 
23/03/06 09:26:41 INFO SecurityManager: Changing modify acls groups to: 
23/03/06 09:26:41 INFO SecurityManager: SecurityManager: authentication disabled; ui acls disabled; users  with view permissions: Set(spark); groups with view permissions: Set(); users  with modify permissions: Set(spark); groups with modify permissions: Set()
23/03/06 09:26:41 INFO Utils: Successfully started service 'sparkWorker' on port 38175.
23/03/06 09:26:41 INFO Worker: Worker decommissioning not enabled.
23/03/06 09:26:41 INFO Worker: Starting Spark worker 172.20.0.3:38175 with 1 cores, 1024.0 MiB RAM
23/03/06 09:26:41 INFO Worker: Running Spark version 3.2.1
23/03/06 09:26:41 INFO Worker: Spark home: /opt/bitnami/spark
23/03/06 09:26:41 INFO ResourceUtils: ==============================================================
23/03/06 09:26:41 INFO ResourceUtils: No custom resources configured for spark.worker.
23/03/06 09:26:41 INFO ResourceUtils: ==============================================================
23/03/06 09:26:42 INFO Utils: Successfully started service 'WorkerUI' on port 8081.
23/03/06 09:26:42 INFO WorkerWebUI: Bound WorkerWebUI to 0.0.0.0, and started at http://7c0381ebfa88:8081
23/03/06 09:26:42 INFO Worker: Connecting to master spark:7077...
23/03/06 09:26:42 INFO TransportClientFactory: Successfully created connection to spark/172.20.0.2:7077 after 45 ms (0 ms spent in bootstraps)
23/03/06 09:26:42 INFO Worker: Successfully registered with master spark://7b35364ea252:7077
